<?xml version="1.0" encoding="utf-8" standalone="no"?>
<!--This file represents the results of running a test suite-->
<test-results name="C:\Documents and Settings\rah\Escritorio\nant_automation\tools\partcover\test.Core.dll" total="0" failures="0" not-run="0" date="2008-11-06" time="12:09:02">
  <environment nunit-version="2.2.7.0" clr-version="2.0.50727.42" os-version="Microsoft Windows NT 5.1.2600 Service Pack 2" platform="Win32NT" cwd="C:\Documents and Settings\rah\Escritorio\nant_automation\tools\nunit" machine-name="ES-01" user="rah" user-domain="PRODINTEC" />
  <culture-info current-culture="es-ES" current-uiculture="es-ES" />
  <test-suite name="C:\Documents and Settings\rah\Escritorio\nant_automation\tools\partcover\test.Core.dll" success="True" time="0.031" asserts="0">
    <results>
      <test-suite name="C:\Documents and Settings\rah\Escritorio\nant_automation\tools\partcover\test.Core.dll" success="True" time="0.000" asserts="0">
        <results />
      </test-suite>
    </results>
  </test-suite>
</test-results>